e:\pragma_data\matlabpro\modelcontrol\wbc\controllers\wbc_controller\x64\release\vc143.pdb
e:\pragma_data\matlabpro\modelcontrol\wbc\controllers\wbc_controller\x64\release\motion.obj
e:\pragma_data\matlabpro\modelcontrol\wbc\controllers\wbc_controller\x64\release\lightsensor.obj
e:\pragma_data\matlabpro\modelcontrol\wbc\controllers\wbc_controller\x64\release\lidar.obj
e:\pragma_data\matlabpro\modelcontrol\wbc\controllers\wbc_controller\x64\release\led.obj
e:\pragma_data\matlabpro\modelcontrol\wbc\controllers\wbc_controller\x64\release\keyboard.obj
e:\pragma_data\matlabpro\modelcontrol\wbc\controllers\wbc_controller\x64\release\joystick.obj
e:\pragma_data\matlabpro\modelcontrol\wbc\controllers\wbc_controller\x64\release\inertialunit.obj
e:\pragma_data\matlabpro\modelcontrol\wbc\controllers\wbc_controller\x64\release\gyro.obj
e:\pragma_data\matlabpro\modelcontrol\wbc\controllers\wbc_controller\x64\release\gps.obj
e:\pragma_data\matlabpro\modelcontrol\wbc\controllers\wbc_controller\x64\release\field.obj
e:\pragma_data\matlabpro\modelcontrol\wbc\controllers\wbc_controller\x64\release\emitter.obj
e:\pragma_data\matlabpro\modelcontrol\wbc\controllers\wbc_controller\x64\release\distancesensor.obj
e:\pragma_data\matlabpro\modelcontrol\wbc\controllers\wbc_controller\x64\release\display.obj
e:\pragma_data\matlabpro\modelcontrol\wbc\controllers\wbc_controller\x64\release\differentialwheels.obj
e:\pragma_data\matlabpro\modelcontrol\wbc\controllers\wbc_controller\x64\release\device.obj
e:\pragma_data\matlabpro\modelcontrol\wbc\controllers\wbc_controller\x64\release\connector.obj
e:\pragma_data\matlabpro\modelcontrol\wbc\controllers\wbc_controller\x64\release\compass.obj
e:\pragma_data\matlabpro\modelcontrol\wbc\controllers\wbc_controller\x64\release\camera.obj
e:\pragma_data\matlabpro\modelcontrol\wbc\controllers\wbc_controller\x64\release\brake.obj
e:\pragma_data\matlabpro\modelcontrol\wbc\controllers\wbc_controller\x64\release\accelerometer.obj
e:\pragma_data\matlabpro\modelcontrol\wbc\controllers\wbc_controller\x64\release\touchsensor.obj
e:\pragma_data\matlabpro\modelcontrol\wbc\controllers\wbc_controller\x64\release\supervisor.obj
e:\pragma_data\matlabpro\modelcontrol\wbc\controllers\wbc_controller\x64\release\speaker.obj
e:\pragma_data\matlabpro\modelcontrol\wbc\controllers\wbc_controller\x64\release\skin.obj
e:\pragma_data\matlabpro\modelcontrol\wbc\controllers\wbc_controller\x64\release\robot.obj
e:\pragma_data\matlabpro\modelcontrol\wbc\controllers\wbc_controller\x64\release\receiver.obj
e:\pragma_data\matlabpro\modelcontrol\wbc\controllers\wbc_controller\x64\release\rangefinder.obj
e:\pragma_data\matlabpro\modelcontrol\wbc\controllers\wbc_controller\x64\release\radar.obj
e:\pragma_data\matlabpro\modelcontrol\wbc\controllers\wbc_controller\x64\release\positionsensor.obj
e:\pragma_data\matlabpro\modelcontrol\wbc\controllers\wbc_controller\x64\release\pen.obj
e:\pragma_data\matlabpro\modelcontrol\wbc\controllers\wbc_controller\x64\release\node.obj
e:\pragma_data\matlabpro\modelcontrol\wbc\controllers\wbc_controller\x64\release\mouse.obj
e:\pragma_data\matlabpro\modelcontrol\wbc\controllers\wbc_controller\x64\release\motor.obj
e:\pragma_data\matlabpro\modelcontrol\wbc\controllers\wbc_controller\x64\release\wbc_controller.obj
e:\pragma_data\matlabpro\modelcontrol\wbc\controllers\wbc_controller\wbc_controller.exe
e:\pragma_data\matlabpro\modelcontrol\wbc\controllers\wbc_controller\x64\release\wbc_controller.ipdb
e:\pragma_data\matlabpro\modelcontrol\wbc\controllers\wbc_controller\wbc_controller.pdb
e:\pragma_data\matlabpro\modelcontrol\wbc\controllers\wbc_controller\x64\release\wbc_controller.iobj
e:\pragma_data\matlabpro\modelcontrol\wbc\controllers\wbc_controller\x64\release\wbc_controller.tlog\cl.command.1.tlog
e:\pragma_data\matlabpro\modelcontrol\wbc\controllers\wbc_controller\x64\release\wbc_controller.tlog\cl.items.tlog
e:\pragma_data\matlabpro\modelcontrol\wbc\controllers\wbc_controller\x64\release\wbc_controller.tlog\cl.read.1.tlog
e:\pragma_data\matlabpro\modelcontrol\wbc\controllers\wbc_controller\x64\release\wbc_controller.tlog\cl.write.1.tlog
e:\pragma_data\matlabpro\modelcontrol\wbc\controllers\wbc_controller\x64\release\wbc_controller.tlog\link.command.1.tlog
e:\pragma_data\matlabpro\modelcontrol\wbc\controllers\wbc_controller\x64\release\wbc_controller.tlog\link.read.1.tlog
e:\pragma_data\matlabpro\modelcontrol\wbc\controllers\wbc_controller\x64\release\wbc_controller.tlog\link.write.1.tlog
